<?xml version="1.0" encoding="UTF-8"?>
<testng-results ignored="0" total="1" passed="1" failed="0" skipped="0">
  <reporter-output>
  </reporter-output>
  <suite started-at="2023-09-30T17:41:46 IST" name="Default suite" finished-at="2023-09-30T17:43:15 IST" duration-ms="89106">
    <groups>
    </groups>
    <test started-at="2023-09-30T17:41:46 IST" name="Default test" finished-at="2023-09-30T17:43:15 IST" duration-ms="89106">
      <class name="DriverFactory.AppTest">
        <test-method signature="kickStart()[pri:0, instance:DriverFactory.AppTest@54d9d12d]" started-at="2023-09-30T17:41:46 IST" name="kickStart" finished-at="2023-09-30T17:43:15 IST" duration-ms="89045" status="PASS">
          <reporter-output>
          </reporter-output>
        </test-method> <!-- kickStart -->
      </class> <!-- DriverFactory.AppTest -->
    </test> <!-- Default test -->
  </suite> <!-- Default suite -->
</testng-results>
