<?xml version="1.0" encoding="UTF-8"?>
<testng-results ignored="0" total="1" passed="1" failed="0" skipped="0">
  <reporter-output>
  </reporter-output>
  <suite started-at="2023-10-04T10:04:26 IST" name="Surefire suite" finished-at="2023-10-04T10:06:08 IST" duration-ms="102048">
    <groups>
    </groups>
    <test started-at="2023-10-04T10:04:26 IST" name="Surefire test" finished-at="2023-10-04T10:06:08 IST" duration-ms="102048">
      <class name="DriverFactory.AppTest">
        <test-method signature="kickStart()[pri:0, instance:DriverFactory.AppTest@159f197]" started-at="2023-10-04T10:04:26 IST" name="kickStart" finished-at="2023-10-04T10:06:08 IST" duration-ms="101999" status="PASS">
          <reporter-output>
          </reporter-output>
        </test-method> <!-- kickStart -->
      </class> <!-- DriverFactory.AppTest -->
    </test> <!-- Surefire test -->
  </suite> <!-- Surefire suite -->
</testng-results>
